<?xml version="1.0" encoding="UTF-8"?>
<!-- Generated by org.testng.reporters.JUnitReportReporter -->
<testsuite skipped="0" hostname="samir-pc3" name="com.appium.maven.mobile.hybrid.TestExp" tests="1" failures="0" timestamp="24 Jan 2019 13:33:31 GMT" time="0.085" errors="0">
  <testcase name="testApp" time="0.085" classname="com.appium.maven.mobile.hybrid.TestExp"/>
</testsuite> <!-- com.appium.maven.mobile.hybrid.TestExp -->
