<?xml version="1.0" encoding="UTF-8"?>
<!-- Generated by org.testng.reporters.JUnitReportReporter -->
<testsuite skipped="0" hostname="samir-pc3" name="com.touchevent.DragSort" tests="1" failures="0" timestamp="15 Jan 2019 11:27:31 GMT" time="24.045" errors="0">
  <testcase name="testApp" time="24.045" classname="com.touchevent.DragSort"/>
</testsuite> <!-- com.touchevent.DragSort -->
