<?xml version="1.0" encoding="UTF-8"?>
<!-- Generated by org.testng.reporters.JUnitReportReporter -->
<testsuite skipped="0" hostname="samir-pc3" name="com.sampleApp.AutomateContactManagerApp" tests="1" failures="0" timestamp="19 Dec 2018 12:47:36 GMT" time="30.553" errors="0">
  <testcase name="testApp" time="30.553" classname="com.sampleApp.AutomateContactManagerApp"/>
</testsuite> <!-- com.sampleApp.AutomateContactManagerApp -->
