<?xml version="1.0" encoding="UTF-8"?>
<!-- Generated by org.testng.reporters.JUnitReportReporter -->
<testsuite skipped="0" hostname="samir-pc3" name="com.sampleApp.Arch" tests="1" failures="0" timestamp="06 Jan 2019 07:56:21 GMT" time="12.917" errors="0">
  <testcase name="testApp" time="12.917" classname="com.sampleApp.Arch"/>
</testsuite> <!-- com.sampleApp.Arch -->
