<?xml version="1.0" encoding="UTF-8"?>
<!-- Generated by org.testng.reporters.JUnitReportReporter -->
<testsuite skipped="0" hostname="samir-pc3" name="com.sampleApp.SampleTestNg" tests="2" failures="0" timestamp="09 Dec 2018 10:59:23 GMT" time="0.008" errors="0">
  <testcase name="printData2" time="0.002" classname="com.sampleApp.SampleTestNg"/>
  <testcase name="printData" time="0.006" classname="com.sampleApp.SampleTestNg"/>
</testsuite> <!-- com.sampleApp.SampleTestNg -->
