<?xml version="1.0" encoding="UTF-8"?>
<!-- Generated by org.testng.reporters.JUnitReportReporter -->
<testsuite skipped="0" hostname="samir-pc3" name="com.sampleApp.LauchingCalculatorWithAppInfo" tests="1" failures="0" timestamp="17 Dec 2018 19:44:26 GMT" time="9.960" errors="0">
  <testcase name="LauchCalculatorApp" time="9.960" classname="com.sampleApp.LauchingCalculatorWithAppInfo"/>
</testsuite> <!-- com.sampleApp.LauchingCalculatorWithAppInfo -->
