<?xml version="1.0" encoding="UTF-8"?>
<!-- Generated by org.testng.reporters.JUnitReportReporter -->
<testsuite skipped="0" hostname="samir-pc3" name="com.sampleApp.SimpleTouchAction" tests="1" failures="0" timestamp="06 Jan 2019 10:52:13 GMT" time="37.381" errors="0">
  <testcase name="testApp" time="37.381" classname="com.sampleApp.SimpleTouchAction"/>
</testsuite> <!-- com.sampleApp.SimpleTouchAction -->
