<?xml version="1.0" encoding="UTF-8"?>
<!-- Generated by org.testng.reporters.JUnitReportReporter -->
<testsuite skipped="0" hostname="samir-pc3" name="com.sampleApp.ContactManager" tests="1" failures="0" timestamp="06 Jan 2019 11:25:23 GMT" time="10.950" errors="0">
  <testcase name="testApp" time="10.950" classname="com.sampleApp.ContactManager"/>
</testsuite> <!-- com.sampleApp.ContactManager -->
