<?xml version="1.0" encoding="UTF-8"?>
<!-- Generated by org.testng.reporters.JUnitReportReporter -->
<testsuite skipped="0" hostname="samir-pc3" name="com.touchevent.MultiTouchDemo" tests="1" failures="0" timestamp="15 Jan 2019 15:37:13 GMT" time="7.649" errors="0">
  <testcase name="testApp" time="7.649" classname="com.touchevent.MultiTouchDemo"/>
</testsuite> <!-- com.touchevent.MultiTouchDemo -->
