<?xml version="1.0" encoding="UTF-8"?>
<!-- Generated by org.testng.reporters.JUnitReportReporter -->
<testsuite skipped="0" hostname="samir-pc3" name="com.touchevent.DragSort2" tests="1" failures="0" timestamp="15 Jan 2019 12:34:25 GMT" time="29.031" errors="0">
  <testcase name="testApp" time="29.031" classname="com.touchevent.DragSort2"/>
</testsuite> <!-- com.touchevent.DragSort2 -->
