<?xml version="1.0" encoding="UTF-8"?>
<!-- Generated by org.testng.reporters.JUnitReportReporter -->
<testsuite skipped="0" hostname="samir-pc3" name="com.sampleApp.DesiredCaps" tests="1" failures="0" timestamp="06 Jan 2019 06:19:33 GMT" time="26.201" errors="0">
  <testcase name="testApp" time="26.201" classname="com.sampleApp.DesiredCaps"/>
</testsuite> <!-- com.sampleApp.DesiredCaps -->
