<?xml version="1.0" encoding="UTF-8"?>
<!-- Generated by org.testng.reporters.JUnitReportReporter -->
<testsuite skipped="0" hostname="samir-pc3" name="com.touchevent.Demo" tests="1" failures="0" timestamp="15 Jan 2019 15:29:58 GMT" time="9.813" errors="0">
  <testcase name="testApp" time="9.813" classname="com.touchevent.Demo"/>
</testsuite> <!-- com.touchevent.Demo -->
