<?xml version="1.0" encoding="UTF-8"?>
<!-- Generated by org.testng.reporters.JUnitReportReporter -->
<testsuite skipped="0" hostname="samir-pc3" name="com.sampleApp.DesiredCaps" tests="1" failures="0" timestamp="17 Dec 2018 19:01:44 GMT" time="26.843" errors="0">
  <testcase name="testApp" time="26.843" classname="com.sampleApp.DesiredCaps"/>
</testsuite> <!-- com.sampleApp.DesiredCaps -->
