<?xml version="1.0" encoding="UTF-8"?>
<!-- Generated by org.testng.reporters.JUnitReportReporter -->
<testsuite skipped="0" hostname="samir-pc3" name="com.sampleApp.LauchAitelAppWithApiExtractor" tests="1" failures="0" timestamp="17 Dec 2018 20:09:02 GMT" time="11.120" errors="0">
  <testcase name="LauchAirtelApp" time="11.120" classname="com.sampleApp.LauchAitelAppWithApiExtractor"/>
</testsuite> <!-- com.sampleApp.LauchAitelAppWithApiExtractor -->
