<?xml version="1.0" encoding="UTF-8"?>
<!-- Generated by org.testng.reporters.JUnitReportReporter -->
<testsuite skipped="0" hostname="samir-pc3" name="com.sampleApp.SimpleTouchAction" tests="1" failures="0" timestamp="15 Jan 2019 08:49:07 GMT" time="56.718" errors="0">
  <testcase name="testApp" time="56.718" classname="com.sampleApp.SimpleTouchAction"/>
</testsuite> <!-- com.sampleApp.SimpleTouchAction -->
